[2025-09-08 11:39:59] Test message
[2025-09-08 11:42:14] Test message
[2025-09-08 11:45:35] Test message
[2025-09-08 13:03:45] Exception during file check: [WinError 3] The system cannot find the path specified: './files_to_check/'
[2025-09-08 13:04:06] No file found with pattern filename_pattern_20250908_*
[2025-09-08 14:09:24] No file found with pattern filename_pattern_20250908_*
[2025-09-08 14:09:55] No file found with pattern filename_pattern_20250908_*
[2025-09-08 14:10:47] No file found with pattern filename_pattern_20250908_*
[2025-09-08 14:13:08] No file found with pattern filename_pattern_20250908_*
[2025-09-08 14:51:33] No file found with pattern filename_pattern_20250908_*
[2025-09-08 14:52:13] No file found with pattern filename_pattern__*
[2025-09-08 14:52:36] No file found with pattern filename_pattern_*
[2025-09-08 14:53:13] File filename_pattern found with size 11 bytes.
[2025-09-08 15:45:32] File filename_pattern found with size 11 bytes.
[2025-09-08 15:46:36] File filename_pattern found with size 11 bytes.
[2025-09-08 15:51:36] File filename_pattern found with size 11 bytes.
[2025-09-08 15:53:07] File filename_pattern found with size 11 bytes.
[2025-09-08 16:04:10] File filename_pattern found with size 11 bytes.
[2025-09-08 16:04:28] File filename_pattern found with size 11 bytes.
[2025-09-08 16:08:16] File filename_pattern found with size 11 bytes.
